<?xml version="1.0" encoding="UTF-8"?>
<!-- Generated by org.testng.reporters.JUnitReportReporter -->
<testsuite hostname="M2B-D-6Y9GXH2" name="Test1JenkinsJava.NewTest" tests="1" failures="0" timestamp="26 Mar 2019 05:57:07 GMT" time="0.009" errors="0">
  <testcase name="f" time="0.009" classname="Test1JenkinsJava.NewTest"/>
</testsuite> <!-- Test1JenkinsJava.NewTest -->
